<?xml version="1.0" encoding="UTF-8"?>
<!-- Generated by org.testng.reporters.JUnitXMLReporter -->
<testsuite hostname="EPBYGOMW0318" name="Default test" tests="9" failures="0" timestamp="9 Dec 2016 09:49:58 GMT" time="0.027" errors="0">
  <testcase name="loginTest" time="0.0" classname="com.epam.gomel.tat.test.YandexDiskTests">
    <skipped/>
  </testcase> <!-- loginTest -->
  <testcase name="wrongLoginTest" time="0.0" classname="com.epam.gomel.tat.test.YandexDiskTests">
    <skipped/>
  </testcase> <!-- wrongLoginTest -->
  <testcase name="loginTestSendFolder" time="0.0" classname="com.epam.gomel.tat.test.YandexDiskTests">
    <skipped/>
  </testcase> <!-- loginTestSendFolder -->
  <testcase name="loginTestInboxFolder" time="0.0" classname="com.epam.gomel.tat.test.YandexDiskTests">
    <skipped/>
  </testcase> <!-- loginTestInboxFolder -->
  <testcase name="sendEmailWithoutProperlyFilledAddressTest" time="0.0" classname="com.epam.gomel.tat.test.YandexDiskTests">
    <skipped/>
  </testcase> <!-- sendEmailWithoutProperlyFilledAddressTest -->
  <testcase name="sendEmailWithoutSubjectAndBodyTest" time="0.0" classname="com.epam.gomel.tat.test.YandexDiskTests">
    <skipped/>
  </testcase> <!-- sendEmailWithoutSubjectAndBodyTest -->
  <testcase name="emptyMessageIndexFolderTest" time="0.0" classname="com.epam.gomel.tat.test.YandexDiskTests">
    <skipped/>
  </testcase> <!-- emptyMessageIndexFolderTest -->
  <testcase name="createDraftMailTest" time="0.0" classname="com.epam.gomel.tat.test.YandexDiskTests">
    <skipped/>
  </testcase> <!-- createDraftMailTest -->
  <testcase name="deleteDraftMailTest" time="0.0" classname="com.epam.gomel.tat.test.YandexDiskTests">
    <skipped/>
  </testcase> <!-- deleteDraftMailTest -->
</testsuite> <!-- Default test -->
