<?xml version="1.0" encoding="UTF-8"?>
<!-- Generated by org.testng.reporters.JUnitXMLReporter -->
<testsuite hostname="EPBYGOMW0318" name="ChromeTest" tests="8" failures="0" timestamp="14 Dec 2016 08:25:33 GMT" time="164.551" errors="0">
  <testcase name="correctLoginTest" time="22.062" classname="com.epam.gomel.tests.mail.CorrectLoginTest"/>
  <testcase name="wrongLoginTest" time="10.135" classname="com.epam.gomel.tests.mail.WrongLoginTest"/>
  <testcase name="sendFullLetterTest" time="20.978" classname="com.epam.gomel.tests.mail.SendFullLetterTest"/>
  <testcase name="sendLetterWithoutRecipientTest" time="31.57" classname="com.epam.gomel.tests.mail.SendLetterWithoutRecipientTest"/>
  <testcase name="sendLetterWithoutSubjectAndBodyTest" time="12.253" classname="com.epam.gomel.tests.mail.SendLetterWithoutSubjectAndBodyTest"/>
  <testcase name="saveLetterAsDraftTest" time="11.139" classname="com.epam.gomel.tests.mail.SaveAndDeleteDraftLetterTest"/>
  <testcase name="deleteLetterFromDraftTest" time="5.631" classname="com.epam.gomel.tests.mail.SaveAndDeleteDraftLetterTest"/>
  <testcase name="deleteLetterFromTrashTest" time="6.698" classname="com.epam.gomel.tests.mail.SaveAndDeleteDraftLetterTest"/>
</testsuite> <!-- ChromeTest -->
