<?xml version="1.0" encoding="UTF-8"?>
<!-- Generated by org.testng.reporters.JUnitXMLReporter -->
<testsuite hostname="EPBYGOMW0318" name="FirefoxTest" tests="9" failures="1" timestamp="9 Dec 2016 17:38:20 GMT" time="82.326" errors="0">
  <testcase name="loginTest" time="40.41" classname="com.epam.gomel.tat.test.Tests"/>
  <testcase name="wrongLoginTest" time="4.285" classname="com.epam.gomel.tat.test.Tests"/>
  <testcase name="loginTestSendFolder" time="25.615" classname="com.epam.gomel.tat.test.Tests">
    <failure type="java.lang.NullPointerException">
      <![CDATA[java.lang.NullPointerException
	at com.epam.gomel.tat.test.Tests.loginTestSendFolder(Tests.java:124)
	at com.epam.gomel.tat.test.TestRunner.main(TestRunner.java:15)
... Removed 21 stack frames]]>
    </failure>
  </testcase> <!-- loginTestSendFolder -->
  <testcase name="loginTestInboxFolder" time="0.0" classname="com.epam.gomel.tat.test.Tests">
    <skipped/>
  </testcase> <!-- loginTestInboxFolder -->
  <testcase name="sendEmailWithoutProperlyFilledAddressTest" time="0.0" classname="com.epam.gomel.tat.test.Tests">
    <skipped/>
  </testcase> <!-- sendEmailWithoutProperlyFilledAddressTest -->
  <testcase name="sendEmailWithoutSubjectAndBodyTest" time="0.0" classname="com.epam.gomel.tat.test.Tests">
    <skipped/>
  </testcase> <!-- sendEmailWithoutSubjectAndBodyTest -->
  <testcase name="emptyMessageIndexFolderTest" time="0.0" classname="com.epam.gomel.tat.test.Tests">
    <skipped/>
  </testcase> <!-- emptyMessageIndexFolderTest -->
  <testcase name="createDraftMailTest" time="0.0" classname="com.epam.gomel.tat.test.Tests">
    <skipped/>
  </testcase> <!-- createDraftMailTest -->
  <testcase name="deleteDraftMailTest" time="0.0" classname="com.epam.gomel.tat.test.Tests">
    <skipped/>
  </testcase> <!-- deleteDraftMailTest -->
</testsuite> <!-- FirefoxTest -->
