<?xml version="1.0" encoding="UTF-8"?>
<!-- Generated by org.testng.reporters.JUnitXMLReporter -->
<testsuite hostname="EPBYGOMW0318" name="MailRuChromeTest" tests="8" failures="0" timestamp="14 Dec 2016 10:06:06 GMT" time="108.962" errors="0">
  <testcase name="correctLoginTest" time="15.591" classname="com.epam.gomel.tests.mail.CorrectLoginTest"/>
  <testcase name="wrongLoginTest" time="8.317" classname="com.epam.gomel.tests.mail.WrongLoginTest"/>
  <testcase name="sendFullLetterTest" time="13.069" classname="com.epam.gomel.tests.mail.SendFullLetterTest"/>
  <testcase name="sendLetterWithoutRecipientTest" time="8.332" classname="com.epam.gomel.tests.mail.SendLetterWithoutRecipientTest"/>
  <testcase name="sendLetterWithoutSubjectAndBodyTest" time="10.035" classname="com.epam.gomel.tests.mail.SendLetterWithoutSubjectAndBodyTest"/>
  <testcase name="saveLetterAsDraftTest" time="10.439" classname="com.epam.gomel.tests.mail.SaveAndDeleteDraftLetterTest"/>
  <testcase name="deleteLetterFromDraftTest" time="3.674" classname="com.epam.gomel.tests.mail.SaveAndDeleteDraftLetterTest"/>
  <testcase name="deleteLetterFromTrashTest" time="3.052" classname="com.epam.gomel.tests.mail.SaveAndDeleteDraftLetterTest"/>
</testsuite> <!-- MailRuChromeTest -->
