<?xml version="1.0" encoding="UTF-8"?>
<!-- Generated by org.testng.reporters.JUnitXMLReporter -->
<testsuite hostname="EPBYGOMW0318" name="YandexDiskChromeTest" tests="7" failures="0" timestamp="14 Dec 2016 10:09:28 GMT" time="202.107" errors="0">
  <testcase name="correctLoginTest" time="16.498" classname="com.epam.gomel.tests.yandexdisk.CorrectLoginTest"/>
  <testcase name="wrongLoginTest" time="12.51" classname="com.epam.gomel.tests.yandexdisk.WrongLoginTest"/>
  <testcase name="uploadFileTest" time="12.154" classname="com.epam.gomel.tests.yandexdisk.UploadFileTest"/>
  <testcase name="downloadFileTest" time="7.641" classname="com.epam.gomel.tests.yandexdisk.DownloadFileTest"/>
  <testcase name="removeFileTest" time="17.43" classname="com.epam.gomel.tests.yandexdisk.RemoveFileTest"/>
  <testcase name="restoreFileTest" time="27.516" classname="com.epam.gomel.tests.yandexdisk.RestoreFileTest"/>
  <testcase name="removeFileTest" time="17.075" classname="com.epam.gomel.tests.yandexdisk.RemoveSeveralFilesTest"/>
</testsuite> <!-- YandexDiskChromeTest -->
