<?xml version="1.0" encoding="UTF-8"?>
<!-- Generated by org.testng.reporters.JUnitXMLReporter -->
<testsuite hostname="EPBYGOMW0318" name="YandexDiskTest" tests="9" failures="0" timestamp="9 Dec 2016 17:49:39 GMT" time="195.351" errors="0">
  <testcase name="yandexDiskSaveAttachment" time="22.853" classname="com.epam.gomel.tat.test.YandexDiskTests"/>
  <testcase name="checkAttachment" time="13.927" classname="com.epam.gomel.tat.test.YandexDiskTests"/>
  <testcase name="trashTest" time="18.303" classname="com.epam.gomel.tat.test.YandexDiskTests"/>
  <testcase name="trashIsEmptyTest" time="23.217" classname="com.epam.gomel.tat.test.YandexDiskTests"/>
  <testcase name="uploadAndCheckForRestore" time="22.685" classname="com.epam.gomel.tat.test.YandexDiskTests"/>
  <testcase name="restoreTest" time="18.356" classname="com.epam.gomel.tat.test.YandexDiskTests"/>
  <testcase name="restoredTest" time="10.834" classname="com.epam.gomel.tat.test.YandexDiskTests"/>
  <testcase name="addOneMoreFileTest" time="12.478" classname="com.epam.gomel.tat.test.YandexDiskTests"/>
  <testcase name="removeSeveralElementsAtOnceTest" time="17.16" classname="com.epam.gomel.tat.test.YandexDiskTests"/>
</testsuite> <!-- YandexDiskTest -->
