<?xml version="1.0" encoding="UTF-8"?>
<!-- Generated by org.testng.reporters.JUnitXMLReporter -->
<testsuite hostname="EPBYGOMW0318" name="ChromeTest" tests="9" failures="0" timestamp="9 Dec 2016 08:52:01 GMT" time="213.203" errors="0">
  <testcase name="loginTest" time="19.841" classname="com.epam.gomel.tat.test.Tests"/>
  <testcase name="wrongLoginTest" time="11.107" classname="com.epam.gomel.tat.test.Tests"/>
  <testcase name="loginTestSendFolder" time="22.874" classname="com.epam.gomel.tat.test.Tests"/>
  <testcase name="loginTestInboxFolder" time="11.676" classname="com.epam.gomel.tat.test.Tests"/>
  <testcase name="sendEmailWithoutProperlyFilledAddressTest" time="29.135" classname="com.epam.gomel.tat.test.Tests"/>
  <testcase name="sendEmailWithoutSubjectAndBodyTest" time="19.556" classname="com.epam.gomel.tat.test.Tests"/>
  <testcase name="emptyMessageIndexFolderTest" time="14.317" classname="com.epam.gomel.tat.test.Tests"/>
  <testcase name="createDraftMailTest" time="25.432" classname="com.epam.gomel.tat.test.Tests"/>
  <testcase name="deleteDraftMailTest" time="24.335" classname="com.epam.gomel.tat.test.Tests"/>
</testsuite> <!-- ChromeTest -->
