<?xml version="1.0" encoding="UTF-8"?>
<!-- Generated by org.testng.reporters.JUnitXMLReporter -->
<testsuite hostname="EPBYGOMW0318" name="FirefoxTest" tests="9" failures="0" timestamp="9 Dec 2016 08:57:52 GMT" time="350.332" errors="0">
  <testcase name="loginTest" time="28.584" classname="com.epam.gomel.tat.test.Tests"/>
  <testcase name="wrongLoginTest" time="6.502" classname="com.epam.gomel.tat.test.Tests"/>
  <testcase name="loginTestSendFolder" time="50.358" classname="com.epam.gomel.tat.test.Tests"/>
  <testcase name="loginTestInboxFolder" time="30.081" classname="com.epam.gomel.tat.test.Tests"/>
  <testcase name="sendEmailWithoutProperlyFilledAddressTest" time="27.992" classname="com.epam.gomel.tat.test.Tests"/>
  <testcase name="sendEmailWithoutSubjectAndBodyTest" time="42.371" classname="com.epam.gomel.tat.test.Tests"/>
  <testcase name="emptyMessageIndexFolderTest" time="25.022" classname="com.epam.gomel.tat.test.Tests"/>
  <testcase name="createDraftMailTest" time="29.207" classname="com.epam.gomel.tat.test.Tests"/>
  <testcase name="deleteDraftMailTest" time="64.357" classname="com.epam.gomel.tat.test.Tests"/>
</testsuite> <!-- FirefoxTest -->
