<?xml version="1.0" encoding="UTF-8"?>
<!-- Generated by org.testng.reporters.JUnitXMLReporter -->
<testsuite hostname="EPBYGOMW0318" name="YandexDiskTest" tests="9" failures="0" timestamp="9 Dec 2016 17:15:35 GMT" time="199.833" errors="0">
  <testcase name="yandexDiskSaveAttachment" time="22.945" classname="com.epam.gomel.tat.test.YandexDiskTests"/>
  <testcase name="checkAttachment" time="12.984" classname="com.epam.gomel.tat.test.YandexDiskTests"/>
  <testcase name="trashTest" time="22.369" classname="com.epam.gomel.tat.test.YandexDiskTests"/>
  <testcase name="trashIsEmptyTest" time="22.46" classname="com.epam.gomel.tat.test.YandexDiskTests"/>
  <testcase name="uploadAndCheckForRestore" time="22.51" classname="com.epam.gomel.tat.test.YandexDiskTests"/>
  <testcase name="restoreTest" time="19.813" classname="com.epam.gomel.tat.test.YandexDiskTests"/>
  <testcase name="restoredTest" time="10.396" classname="com.epam.gomel.tat.test.YandexDiskTests"/>
  <testcase name="addOneMoreFileTest" time="12.435" classname="com.epam.gomel.tat.test.YandexDiskTests"/>
  <testcase name="removeSeveralElementsAtOnceTest" time="19.26" classname="com.epam.gomel.tat.test.YandexDiskTests"/>
</testsuite> <!-- YandexDiskTest -->
